[2021-08-12 01:43:04.997] [exthost] [info] extension host started
[2021-08-12 01:43:05.283] [exthost] [info] extension host started
[2021-08-12 01:43:05.302] [exthost] [info] ExtensionService#_doActivateExtension HookyQR.beautify {"startup":true,"extensionId":{"value":"HookyQR.beautify","_lower":"hookyqr.beautify"},"activationEvent":"*"}
[2021-08-12 01:43:05.303] [exthost] [info] ExtensionService#loadCommonJSModule file:///c:/eclipse_eGov/plugins/pack.core.win_3.6.0.202007171759/HookyQR.beautify-1.4.11/extension
[2021-08-12 01:43:05.408] [exthost] [info] ExtensionService#_doActivateExtension christian-kohler.path-intellisense {"startup":true,"extensionId":{"value":"christian-kohler.path-intellisense","_lower":"christian-kohler.path-intellisense"},"activationEvent":"*"}
[2021-08-12 01:43:05.409] [exthost] [info] ExtensionService#loadCommonJSModule file:///c:/eclipse_eGov/plugins/pack.core.win_3.6.0.202007171759/christian-kohler.path-intellisense-1.4.2/out/src/extension
[2021-08-12 01:43:05.441] [exthost] [info] ExtensionService#_doActivateExtension dbaeumer.vscode-eslint {"startup":true,"extensionId":{"value":"dbaeumer.vscode-eslint","_lower":"dbaeumer.vscode-eslint"},"activationEvent":"*"}
[2021-08-12 01:43:05.441] [exthost] [info] ExtensionService#loadCommonJSModule file:///c:/eclipse_eGov/plugins/pack.core.win_3.6.0.202007171759/dbaeumer.vscode-eslint-1.9.0/client/out/extension
[2021-08-12 01:43:05.470] [exthost] [info] ExtensionService#_doActivateExtension vscode.debug-auto-launch {"startup":true,"extensionId":{"value":"vscode.debug-auto-launch","_lower":"vscode.debug-auto-launch"},"activationEvent":"*"}
[2021-08-12 01:43:05.470] [exthost] [info] ExtensionService#loadCommonJSModule file:///c:/eclipse_eGov/plugins/com.genuitec.eclipse.code.engine.app.win32.x86_64_3.6.0.202002212104/engine/resources/app/extensions/debug-auto-launch/dist/extension
[2021-08-12 01:43:05.475] [exthost] [info] ExtensionService#_doActivateExtension vscode.emmet {"startup":true,"extensionId":{"value":"vscode.emmet","_lower":"vscode.emmet"},"activationEvent":"*"}
[2021-08-12 01:43:05.476] [exthost] [info] ExtensionService#loadCommonJSModule file:///c:/eclipse_eGov/plugins/com.genuitec.eclipse.code.engine.app.win32.x86_64_3.6.0.202002212104/engine/resources/app/extensions/emmet/dist/extension
[2021-08-12 01:43:05.512] [exthost] [info] ExtensionService#_doActivateExtension formulahendry.auto-close-tag {"startup":true,"extensionId":{"value":"formulahendry.auto-close-tag","_lower":"formulahendry.auto-close-tag"},"activationEvent":"*"}
[2021-08-12 01:43:05.513] [exthost] [info] ExtensionService#loadCommonJSModule file:///c:/eclipse_eGov/plugins/pack.core.win_3.6.0.202007171759/formulahendry.auto-close-tag-0.5.6/out/src/extension
[2021-08-12 01:43:05.527] [exthost] [info] ExtensionService#_doActivateExtension vscode.grunt {"startup":false,"extensionId":{"value":"vscode.grunt","_lower":"vscode.grunt"},"activationEvent":"onCommand:workbench.action.tasks.runTask"}
[2021-08-12 01:43:05.527] [exthost] [info] ExtensionService#loadCommonJSModule file:///c:/eclipse_eGov/plugins/com.genuitec.eclipse.code.engine.app.win32.x86_64_3.6.0.202002212104/engine/resources/app/extensions/grunt/dist/main
[2021-08-12 01:43:05.536] [exthost] [info] ExtensionService#_doActivateExtension vscode.gulp {"startup":false,"extensionId":{"value":"vscode.gulp","_lower":"vscode.gulp"},"activationEvent":"onCommand:workbench.action.tasks.runTask"}
[2021-08-12 01:43:05.536] [exthost] [info] ExtensionService#loadCommonJSModule file:///c:/eclipse_eGov/plugins/com.genuitec.eclipse.code.engine.app.win32.x86_64_3.6.0.202002212104/engine/resources/app/extensions/gulp/dist/main
[2021-08-12 01:43:05.541] [exthost] [info] ExtensionService#_doActivateExtension vscode.jake {"startup":false,"extensionId":{"value":"vscode.jake","_lower":"vscode.jake"},"activationEvent":"onCommand:workbench.action.tasks.runTask"}
[2021-08-12 01:43:05.541] [exthost] [info] ExtensionService#loadCommonJSModule file:///c:/eclipse_eGov/plugins/com.genuitec.eclipse.code.engine.app.win32.x86_64_3.6.0.202002212104/engine/resources/app/extensions/jake/dist/main
[2021-08-12 01:43:05.545] [exthost] [info] ExtensionService#_doActivateExtension vscode.npm {"startup":false,"extensionId":{"value":"vscode.npm","_lower":"vscode.npm"},"activationEvent":"onCommand:workbench.action.tasks.runTask"}
[2021-08-12 01:43:05.545] [exthost] [info] ExtensionService#loadCommonJSModule file:///c:/eclipse_eGov/plugins/com.genuitec.eclipse.code.engine.app.win32.x86_64_3.6.0.202002212104/engine/resources/app/extensions/npm/dist/main
[2021-08-12 01:43:05.558] [exthost] [info] ExtensionService#_doActivateExtension vscode.typescript-language-features {"startup":false,"extensionId":{"value":"vscode.typescript-language-features","_lower":"vscode.typescript-language-features"},"activationEvent":"onCommand:workbench.action.tasks.runTask"}
[2021-08-12 01:43:05.558] [exthost] [info] ExtensionService#loadCommonJSModule file:///c:/eclipse_eGov/plugins/com.genuitec.eclipse.code.engine.app.win32.x86_64_3.6.0.202002212104/engine/resources/app/extensions/typescript-language-features/dist/extension
[2021-08-12 01:43:05.591] [exthost] [info] eager extensions activated
[2021-08-12 01:44:46.962] [exthost] [info] ExtensionService#_doActivateExtension vscode.configuration-editing {"startup":false,"extensionId":{"value":"vscode.configuration-editing","_lower":"vscode.configuration-editing"},"activationEvent":"onLanguage:jsonc"}
[2021-08-12 01:44:46.963] [exthost] [info] ExtensionService#loadCommonJSModule file:///c:/eclipse_eGov/plugins/com.genuitec.eclipse.code.engine.app.win32.x86_64_3.6.0.202002212104/engine/resources/app/extensions/configuration-editing/dist/extension
[2021-08-12 01:44:46.968] [exthost] [info] ExtensionService#_doActivateExtension vscode.json-language-features {"startup":false,"extensionId":{"value":"vscode.json-language-features","_lower":"vscode.json-language-features"},"activationEvent":"onLanguage:jsonc"}
[2021-08-12 01:44:46.968] [exthost] [info] ExtensionService#loadCommonJSModule file:///c:/eclipse_eGov/plugins/com.genuitec.eclipse.code.engine.app.win32.x86_64_3.6.0.202002212104/engine/resources/app/extensions/json-language-features/client/dist/jsonMain
[2021-08-12 01:44:48.822] [exthost] [info] extension host started
[2021-08-12 01:44:48.833] [exthost] [info] ExtensionService#_doActivateExtension vscode.grunt {"startup":false,"extensionId":{"value":"vscode.grunt","_lower":"vscode.grunt"},"activationEvent":"onCommand:workbench.action.tasks.runTask"}
[2021-08-12 01:44:48.833] [exthost] [info] ExtensionService#loadCommonJSModule file:///c:/eclipse_eGov/plugins/com.genuitec.eclipse.code.engine.app.win32.x86_64_3.6.0.202002212104/engine/resources/app/extensions/grunt/dist/main
[2021-08-12 01:44:48.837] [exthost] [info] ExtensionService#_doActivateExtension vscode.gulp {"startup":false,"extensionId":{"value":"vscode.gulp","_lower":"vscode.gulp"},"activationEvent":"onCommand:workbench.action.tasks.runTask"}
[2021-08-12 01:44:48.837] [exthost] [info] ExtensionService#loadCommonJSModule file:///c:/eclipse_eGov/plugins/com.genuitec.eclipse.code.engine.app.win32.x86_64_3.6.0.202002212104/engine/resources/app/extensions/gulp/dist/main
[2021-08-12 01:44:48.841] [exthost] [info] ExtensionService#_doActivateExtension vscode.jake {"startup":false,"extensionId":{"value":"vscode.jake","_lower":"vscode.jake"},"activationEvent":"onCommand:workbench.action.tasks.runTask"}
[2021-08-12 01:44:48.841] [exthost] [info] ExtensionService#loadCommonJSModule file:///c:/eclipse_eGov/plugins/com.genuitec.eclipse.code.engine.app.win32.x86_64_3.6.0.202002212104/engine/resources/app/extensions/jake/dist/main
[2021-08-12 01:44:48.843] [exthost] [info] ExtensionService#_doActivateExtension vscode.npm {"startup":false,"extensionId":{"value":"vscode.npm","_lower":"vscode.npm"},"activationEvent":"onCommand:workbench.action.tasks.runTask"}
[2021-08-12 01:44:48.843] [exthost] [info] ExtensionService#loadCommonJSModule file:///c:/eclipse_eGov/plugins/com.genuitec.eclipse.code.engine.app.win32.x86_64_3.6.0.202002212104/engine/resources/app/extensions/npm/dist/main
[2021-08-12 01:44:48.849] [exthost] [info] ExtensionService#_doActivateExtension vscode.typescript-language-features {"startup":false,"extensionId":{"value":"vscode.typescript-language-features","_lower":"vscode.typescript-language-features"},"activationEvent":"onCommand:workbench.action.tasks.runTask"}
[2021-08-12 01:44:48.849] [exthost] [info] ExtensionService#loadCommonJSModule file:///c:/eclipse_eGov/plugins/com.genuitec.eclipse.code.engine.app.win32.x86_64_3.6.0.202002212104/engine/resources/app/extensions/typescript-language-features/dist/extension
[2021-08-12 01:44:48.860] [exthost] [info] ExtensionService#_doActivateExtension vscode.configuration-editing {"startup":false,"extensionId":{"value":"vscode.configuration-editing","_lower":"vscode.configuration-editing"},"activationEvent":"onLanguage:jsonc"}
[2021-08-12 01:44:48.860] [exthost] [info] ExtensionService#loadCommonJSModule file:///c:/eclipse_eGov/plugins/com.genuitec.eclipse.code.engine.app.win32.x86_64_3.6.0.202002212104/engine/resources/app/extensions/configuration-editing/dist/extension
[2021-08-12 01:44:48.865] [exthost] [info] ExtensionService#_doActivateExtension vscode.json-language-features {"startup":false,"extensionId":{"value":"vscode.json-language-features","_lower":"vscode.json-language-features"},"activationEvent":"onLanguage:jsonc"}
[2021-08-12 01:44:48.865] [exthost] [info] ExtensionService#loadCommonJSModule file:///c:/eclipse_eGov/plugins/com.genuitec.eclipse.code.engine.app.win32.x86_64_3.6.0.202002212104/engine/resources/app/extensions/json-language-features/client/dist/jsonMain
[2021-08-12 01:44:48.890] [exthost] [info] ExtensionService#_doActivateExtension HookyQR.beautify {"startup":true,"extensionId":{"value":"HookyQR.beautify","_lower":"hookyqr.beautify"},"activationEvent":"*"}
[2021-08-12 01:44:48.890] [exthost] [info] ExtensionService#loadCommonJSModule file:///c:/eclipse_eGov/plugins/pack.core.win_3.6.0.202007171759/HookyQR.beautify-1.4.11/extension
[2021-08-12 01:44:48.951] [exthost] [info] ExtensionService#_doActivateExtension christian-kohler.path-intellisense {"startup":true,"extensionId":{"value":"christian-kohler.path-intellisense","_lower":"christian-kohler.path-intellisense"},"activationEvent":"*"}
[2021-08-12 01:44:48.951] [exthost] [info] ExtensionService#loadCommonJSModule file:///c:/eclipse_eGov/plugins/pack.core.win_3.6.0.202007171759/christian-kohler.path-intellisense-1.4.2/out/src/extension
[2021-08-12 01:44:48.967] [exthost] [info] ExtensionService#_doActivateExtension dbaeumer.vscode-eslint {"startup":true,"extensionId":{"value":"dbaeumer.vscode-eslint","_lower":"dbaeumer.vscode-eslint"},"activationEvent":"*"}
[2021-08-12 01:44:48.967] [exthost] [info] ExtensionService#loadCommonJSModule file:///c:/eclipse_eGov/plugins/pack.core.win_3.6.0.202007171759/dbaeumer.vscode-eslint-1.9.0/client/out/extension
[2021-08-12 01:44:48.971] [exthost] [info] ExtensionService#_doActivateExtension vscode.debug-auto-launch {"startup":true,"extensionId":{"value":"vscode.debug-auto-launch","_lower":"vscode.debug-auto-launch"},"activationEvent":"*"}
[2021-08-12 01:44:48.971] [exthost] [info] ExtensionService#loadCommonJSModule file:///c:/eclipse_eGov/plugins/com.genuitec.eclipse.code.engine.app.win32.x86_64_3.6.0.202002212104/engine/resources/app/extensions/debug-auto-launch/dist/extension
[2021-08-12 01:44:48.973] [exthost] [info] ExtensionService#_doActivateExtension vscode.emmet {"startup":true,"extensionId":{"value":"vscode.emmet","_lower":"vscode.emmet"},"activationEvent":"*"}
[2021-08-12 01:44:48.973] [exthost] [info] ExtensionService#loadCommonJSModule file:///c:/eclipse_eGov/plugins/com.genuitec.eclipse.code.engine.app.win32.x86_64_3.6.0.202002212104/engine/resources/app/extensions/emmet/dist/extension
[2021-08-12 01:44:48.982] [exthost] [info] ExtensionService#_doActivateExtension formulahendry.auto-close-tag {"startup":true,"extensionId":{"value":"formulahendry.auto-close-tag","_lower":"formulahendry.auto-close-tag"},"activationEvent":"*"}
[2021-08-12 01:44:48.982] [exthost] [info] ExtensionService#loadCommonJSModule file:///c:/eclipse_eGov/plugins/pack.core.win_3.6.0.202007171759/formulahendry.auto-close-tag-0.5.6/out/src/extension
[2021-08-12 01:44:48.992] [exthost] [info] eager extensions activated
[2021-08-12 01:50:56.843] [exthost] [info] ExtensionService#_doActivateExtension vscode.html-language-features {"startup":false,"extensionId":{"value":"vscode.html-language-features","_lower":"vscode.html-language-features"},"activationEvent":"onLanguage:html"}
[2021-08-12 01:50:56.844] [exthost] [info] ExtensionService#loadCommonJSModule file:///c:/eclipse_eGov/plugins/com.genuitec.eclipse.code.engine.app.win32.x86_64_3.6.0.202002212104/engine/resources/app/extensions/html-language-features/client/dist/htmlMain
[2021-08-12 01:50:56.877] [exthost] [info] ExtensionService#_doActivateExtension mkaufman.HTMLHint {"startup":false,"extensionId":{"value":"mkaufman.HTMLHint","_lower":"mkaufman.htmlhint"},"activationEvent":"onLanguage:html"}
[2021-08-12 01:50:56.877] [exthost] [info] ExtensionService#loadCommonJSModule file:///c:/eclipse_eGov/plugins/pack.core.win_3.6.0.202007171759/mkaufman.HTMLHint-0.6.0/out/extension
[2021-08-12 02:02:06.176] [exthost] [info] ExtensionService#_doActivateExtension vscode.debug-server-ready {"startup":false,"extensionId":{"value":"vscode.debug-server-ready","_lower":"vscode.debug-server-ready"},"activationEvent":"onDebugResolve"}
[2021-08-12 02:02:06.177] [exthost] [info] ExtensionService#loadCommonJSModule file:///c:/eclipse_eGov/plugins/com.genuitec.eclipse.code.engine.app.win32.x86_64_3.6.0.202002212104/engine/resources/app/extensions/debug-server-ready/dist/extension
[2021-08-12 02:02:06.181] [exthost] [info] ExtensionService#_doActivateExtension msjsdiag.debugger-for-chrome {"startup":false,"extensionId":{"value":"msjsdiag.debugger-for-chrome","_lower":"msjsdiag.debugger-for-chrome"},"activationEvent":"onDebugResolve:chrome"}
[2021-08-12 02:02:06.181] [exthost] [info] ExtensionService#loadCommonJSModule file:///c:/eclipse_eGov/plugins/pack.core.win_3.6.0.202007171759/msjsdiag.debugger-for-chrome-4.12.3/out/src/extension
